<?xml version="1.0" encoding="UTF-8"?>
<!-- Generated by org.testng.reporters.JUnitReportReporter -->
<testsuite hostname="LAPTOP-INQHA09L" failures="0" tests="4" name="com.tutorialsninja.testCases.TC_001_SF_SearchPage" time="26.620" errors="0" timestamp="2022-01-10T18:47:10 IST" skipped="0">
  <testcase classname="com.tutorialsninja.testCases.TC_001_SF_SearchPage" name="VerifySearchFunctionality" time="4.858"/>
  <system-out/>
  <testcase classname="com.tutorialsninja.testCases.TC_001_SF_SearchPage" name="nonExistingProductSearch" time="4.782"/>
  <system-out/>
  <testcase classname="com.tutorialsninja.testCases.TC_001_SF_SearchPage" name="VerifySearchWithMultpleResult" time="4.949"/>
  <system-out/>
  <testcase classname="com.tutorialsninja.testCases.TC_001_SF_SearchPage" name="VerifySearchProductWithDescAndCategory" time="12.031"/>
  <system-out/>
</testsuite> <!-- com.tutorialsninja.testCases.TC_001_SF_SearchPage -->
