<?xml version="1.0" encoding="UTF-8"?>
<!-- Generated by org.testng.reporters.JUnitReportReporter -->
<testsuite hostname="LAPTOP-INQHA09L" failures="0" tests="1" name="com.tutorialsninja.testCases.TC_LF_001_LoginPage" time="11.115" errors="0" timestamp="2022-01-10T18:49:15 IST" skipped="0">
  <testcase classname="com.tutorialsninja.testCases.TC_LF_001_LoginPage" name="VerifyLoginTest" time="11.115"/>
  <system-out/>
</testsuite> <!-- com.tutorialsninja.testCases.TC_LF_001_LoginPage -->
