<?xml version="1.0" encoding="UTF-8"?>
<!-- Generated by org.testng.reporters.JUnitReportReporter -->
<testsuite hostname="LAPTOP-INQHA09L" failures="0" tests="2" name="com.tutorialsninja.testCases.TC_PC_001_ProductComparisonPage" time="8.925" errors="0" timestamp="2022-01-10T18:50:02 IST" skipped="1">
  <testcase classname="com.tutorialsninja.testCases.TC_PC_001_ProductComparisonPage" name="VerifyProductComparisonListFunctionality" time="8.925"/>
  <system-out/>
  <testcase classname="com.tutorialsninja.testCases.TC_PC_001_ProductComparisonPage" name="VerifyProductComparisonFunctionality">
    <skipped/>
  </testcase> <!-- VerifyProductComparisonFunctionality -->
  <system-out/>
</testsuite> <!-- com.tutorialsninja.testCases.TC_PC_001_ProductComparisonPage -->
