<?xml version="1.0" encoding="UTF-8"?>
<!-- Generated by org.testng.reporters.JUnitReportReporter -->
<testsuite hostname="LAPTOP-INQHA09L" failures="0" tests="2" name="com.tutorialsninja.testCases.TC_RegisterPage" time="2.823" errors="0" timestamp="2022-01-10T17:05:34 IST" skipped="0">
  <testcase classname="com.tutorialsninja.testCases.TC_RegisterPage" name="RegisterNew" time="1.620"/>
  <system-out/>
  <testcase classname="com.tutorialsninja.testCases.TC_RegisterPage" name="ExistingUserDetails" time="1.203"/>
  <system-out/>
</testsuite> <!-- com.tutorialsninja.testCases.TC_RegisterPage -->
